# JRE version: OpenJDK Runtime Environment (8.0_242-b01) (build 1.8.0_242-release-1644-b01)
# Java VM: OpenJDK 64-Bit Server VM (25.242-b01 mixed mode windows-amd64 compressed oops)
Heap:
 PSYoungGen      total 592384K, used 14414K [0x00000000d5580000, 0x00000000ffb80000, 0x0000000100000000)
  eden space 577536K, 0% used [0x00000000d5580000,0x00000000d5580000,0x00000000f8980000)
  from space 14848K, 97% used [0x00000000f8980000,0x00000000f97938b0,0x00000000f9800000)
  to   space 58368K, 0% used [0x00000000fc280000,0x00000000fc280000,0x00000000ffb80000)
 ParOldGen       total 265216K, used 230959K [0x0000000080000000, 0x0000000090300000, 0x00000000d5580000)
  object space 265216K, 87% used [0x0000000080000000,0x000000008e18be60,0x0000000090300000)
 Metaspace       used 134128K, capacity 141556K, committed 141632K, reserved 1171456K
  class space    used 17310K, capacity 18785K, committed 18816K, reserved 1048576K
GC Heap History (10 events):
Event: 3214.133 GC heap after
Heap after GC invocations=31 (full 4):
 PSYoungGen      total 639488K, used 12759K [0x00000000d5580000, 0x0000000100000000, 0x0000000100000000)
  eden space 580096K, 0% used [0x00000000d5580000,0x00000000d5580000,0x00000000f8c00000)
  from space 59392K, 21% used [0x00000000f8c00000,0x00000000f9875c08,0x00000000fc600000)
  to   space 58880K, 0% used [0x00000000fc680000,0x00000000fc680000,0x0000000100000000)
 ParOldGen       total 265216K, used 172606K [0x0000000080000000, 0x0000000090300000, 0x00000000d5580000)
  object space 265216K, 65% used [0x0000000080000000,0x000000008a88f9a8,0x0000000090300000)
 Metaspace       used 133551K, capacity 140780K, committed 141120K, reserved 1171456K
  class space    used 17270K, capacity 18707K, committed 18816K, reserved 1048576K
}
Event: 3215.345 GC heap before
{Heap before GC invocations=32 (full 4):
 PSYoungGen      total 639488K, used 592855K [0x00000000d5580000, 0x0000000100000000, 0x0000000100000000)
  eden space 580096K, 100% used [0x00000000d5580000,0x00000000f8c00000,0x00000000f8c00000)
  from space 59392K, 21% used [0x00000000f8c00000,0x00000000f9875c08,0x00000000fc600000)
  to   space 58880K, 0% used [0x00000000fc680000,0x00000000fc680000,0x0000000100000000)
 ParOldGen       total 265216K, used 172606K [0x0000000080000000, 0x0000000090300000, 0x00000000d5580000)
  object space 265216K, 65% used [0x0000000080000000,0x000000008a88f9a8,0x0000000090300000)
 Metaspace       used 133911K, capacity 141322K, committed 141376K, reserved 1171456K
  class space    used 17306K, capacity 18782K, committed 18816K, reserved 1048576K
Event: 3215.371 GC heap after
Heap after GC invocations=32 (full 4):
 PSYoungGen      total 637952K, used 11021K [0x00000000d5580000, 0x00000000ffe80000, 0x0000000100000000)
  eden space 580608K, 0% used [0x00000000d5580000,0x00000000d5580000,0x00000000f8c80000)
  from space 57344K, 19% used [0x00000000fc680000,0x00000000fd1434a8,0x00000000ffe80000)
  to   space 58368K, 0% used [0x00000000f8c80000,0x00000000f8c80000,0x00000000fc580000)
 ParOldGen       total 265216K, used 181083K [0x0000000080000000, 0x0000000090300000, 0x00000000d5580000)
  object space 265216K, 68% used [0x0000000080000000,0x000000008b0d6eb0,0x0000000090300000)
 Metaspace       used 133911K, capacity 141322K, committed 141376K, reserved 1171456K
  class space    used 17306K, capacity 18782K, committed 18816K, reserved 1048576K
}
Event: 3216.802 GC heap before
{Heap before GC invocations=33 (full 4):
 PSYoungGen      total 637952K, used 591629K [0x00000000d5580000, 0x00000000ffe80000, 0x0000000100000000)
  eden space 580608K, 100% used [0x00000000d5580000,0x00000000f8c80000,0x00000000f8c80000)
  from space 57344K, 19% used [0x00000000fc680000,0x00000000fd1434a8,0x00000000ffe80000)
  to   space 58368K, 0% used [0x00000000f8c80000,0x00000000f8c80000,0x00000000fc580000)
 ParOldGen       total 265216K, used 181083K [0x0000000080000000, 0x0000000090300000, 0x00000000d5580000)
  object space 265216K, 68% used [0x0000000080000000,0x000000008b0d6eb0,0x0000000090300000)
 Metaspace       used 134000K, capacity 141402K, committed 141632K, reserved 1171456K
  class space    used 17306K, capacity 18782K, committed 18816K, reserved 1048576K
Event: 3216.852 GC heap after
Heap after GC invocations=33 (full 4):
 PSYoungGen      total 623104K, used 42270K [0x00000000d5580000, 0x0000000100000000, 0x0000000100000000)
  eden space 580608K, 0% used [0x00000000d5580000,0x00000000d5580000,0x00000000f8c80000)
  from space 42496K, 99% used [0x00000000f8c80000,0x00000000fb5c7908,0x00000000fb600000)
  to   space 61440K, 0% used [0x00000000fc400000,0x00000000fc400000,0x0000000100000000)
 ParOldGen       total 265216K, used 187829K [0x0000000080000000, 0x0000000090300000, 0x00000000d5580000)
  object space 265216K, 70% used [0x0000000080000000,0x000000008b76d438,0x0000000090300000)
 Metaspace       used 134000K, capacity 141402K, committed 141632K, reserved 1171456K
  class space    used 17306K, capacity 18782K, committed 18816K, reserved 1048576K
}
Event: 3218.047 GC heap before
{Heap before GC invocations=34 (full 4):
 PSYoungGen      total 623104K, used 622878K [0x00000000d5580000, 0x0000000100000000, 0x0000000100000000)
  eden space 580608K, 100% used [0x00000000d5580000,0x00000000f8c80000,0x00000000f8c80000)
  from space 42496K, 99% used [0x00000000f8c80000,0x00000000fb5c7908,0x00000000fb600000)
  to   space 61440K, 0% used [0x00000000fc400000,0x00000000fc400000,0x0000000100000000)
 ParOldGen       total 265216K, used 187829K [0x0000000080000000, 0x0000000090300000, 0x00000000d5580000)
  object space 265216K, 70% used [0x0000000080000000,0x000000008b76d438,0x0000000090300000)
 Metaspace       used 134073K, capacity 141482K, committed 141632K, reserved 1171456K
  class space    used 17307K, capacity 18784K, committed 18816K, reserved 1048576K
Event: 3218.099 GC heap after
Heap after GC invocations=34 (full 4):
 PSYoungGen      total 638976K, used 15706K [0x00000000d5580000, 0x0000000100000000, 0x0000000100000000)
  eden space 577536K, 0% used [0x00000000d5580000,0x00000000d5580000,0x00000000f8980000)
  from space 61440K, 25% used [0x00000000fc400000,0x00000000fd356b48,0x0000000100000000)
  to   space 59904K, 0% used [0x00000000f8980000,0x00000000f8980000,0x00000000fc400000)
 ParOldGen       total 265216K, used 223429K [0x0000000080000000, 0x0000000090300000, 0x00000000d5580000)
  object space 265216K, 84% used [0x0000000080000000,0x000000008da316e8,0x0000000090300000)
 Metaspace       used 134073K, capacity 141482K, committed 141632K, reserved 1171456K
  class space    used 17307K, capacity 18784K, committed 18816K, reserved 1048576K
}
Event: 3219.335 GC heap before
{Heap before GC invocations=35 (full 4):
 PSYoungGen      total 638976K, used 593242K [0x00000000d5580000, 0x0000000100000000, 0x0000000100000000)
  eden space 577536K, 100% used [0x00000000d5580000,0x00000000f8980000,0x00000000f8980000)
  from space 61440K, 25% used [0x00000000fc400000,0x00000000fd356b48,0x0000000100000000)
  to   space 59904K, 0% used [0x00000000f8980000,0x00000000f8980000,0x00000000fc400000)
 ParOldGen       total 265216K, used 223429K [0x0000000080000000, 0x0000000090300000, 0x00000000d5580000)
  object space 265216K, 84% used [0x0000000080000000,0x000000008da316e8,0x0000000090300000)
 Metaspace       used 134128K, capacity 141556K, committed 141632K, reserved 1171456K
  class space    used 17310K, capacity 18785K, committed 18816K, reserved 1048576K
Event: 3219.358 GC heap after
Heap after GC invocations=35 (full 4):
 PSYoungGen      total 592384K, used 14414K [0x00000000d5580000, 0x00000000ffb80000, 0x0000000100000000)
  eden space 577536K, 0% used [0x00000000d5580000,0x00000000d5580000,0x00000000f8980000)
  from space 14848K, 97% used [0x00000000f8980000,0x00000000f97938b0,0x00000000f9800000)
  to   space 58368K, 0% used [0x00000000fc280000,0x00000000fc280000,0x00000000ffb80000)
 ParOldGen       total 265216K, used 230959K [0x0000000080000000, 0x0000000090300000, 0x00000000d5580000)
  object space 265216K, 87% used [0x0000000080000000,0x000000008e18be60,0x0000000090300000)
 Metaspace       used 134128K, capacity 141556K, committed 141632K, reserved 1171456K
  class space    used 17310K, capacity 18785K, committed 18816K, reserved 1048576K
}
Event: 3219.358 GC heap before
{Heap before GC invocations=36 (full 5):
 PSYoungGen      total 592384K, used 14414K [0x00000000d5580000, 0x00000000ffb80000, 0x0000000100000000)
  eden space 577536K, 0% used [0x00000000d5580000,0x00000000d5580000,0x00000000f8980000)
  from space 14848K, 97% used [0x00000000f8980000,0x00000000f97938b0,0x00000000f9800000)
  to   space 58368K, 0% used [0x00000000fc280000,0x00000000fc280000,0x00000000ffb80000)
 ParOldGen       total 265216K, used 230959K [0x0000000080000000, 0x0000000090300000, 0x00000000d5580000)
  object space 265216K, 87% used [0x0000000080000000,0x000000008e18be60,0x0000000090300000)
 Metaspace       used 134128K, capacity 141556K, committed 141632K, reserved 1171456K
  class space    used 17310K, capacity 18785K, committed 18816K, reserved 1048576K

